app/build/intermediates/manifest_merge_blame_file/debug/processDebugMainManifest/manifest-merger-blame-debug-report.txt
1<?xml version="1.0" encoding="utf-8"?>
2<manifest xmlns:android="http://schemas.android.com/apk/res/android"
3    package="app.sukun.debug"
4    android:versionCode="105"
5    android:versionName="v6.4.2" >
6
7    <uses-sdk
8        android:minSdkVersion="24"
9        android:targetSdkVersion="35" />
10
11    <uses-permission android:name="android.permission.SET_WALLPAPER" />
11-->src\main\AndroidManifest.xml:5:5-72
11-->src\main\AndroidManifest.xml:5:22-69
12    <uses-permission android:name="android.permission.EXPAND_STATUS_BAR" />
12-->src\main\AndroidManifest.xml:6:5-76
12-->src\main\AndroidManifest.xml:6:22-73
13    <uses-permission android:name="android.permission.QUERY_ALL_PACKAGES" />
13-->src\main\AndroidManifest.xml:7:5-9:77
13-->src\main\AndroidManifest.xml:8:9-61
14    <uses-permission android:name="android.permission.REQUEST_DELETE_PACKAGES" />
14-->src\main\AndroidManifest.xml:10:5-82
14-->src\main\AndroidManifest.xml:10:22-79
15    <!-- Used only for downloading wallpapers -->
16    <uses-permission android:name="android.permission.INTERNET" />
16-->src\main\AndroidManifest.xml:12:5-67
16-->src\main\AndroidManifest.xml:12:22-64
17    <uses-permission android:name="android.permission.ACCESS_COARSE_LOCATION" />
17-->src\main\AndroidManifest.xml:13:5-81
17-->src\main\AndroidManifest.xml:13:22-78
18    <uses-permission android:name="android.permission.ACCESS_FINE_LOCATION" />
18-->src\main\AndroidManifest.xml:14:5-79
18-->src\main\AndroidManifest.xml:14:22-76
19    <uses-permission android:name="android.permission.RECEIVE_BOOT_COMPLETED" />
19-->src\main\AndroidManifest.xml:15:5-81
19-->src\main\AndroidManifest.xml:15:22-78
20    <uses-permission android:name="android.permission.SCHEDULE_EXACT_ALARM" />
20-->src\main\AndroidManifest.xml:16:5-79
20-->src\main\AndroidManifest.xml:16:22-76
21    <uses-permission android:name="android.permission.MODIFY_AUDIO_SETTINGS" />
21-->src\main\AndroidManifest.xml:17:5-80
21-->src\main\AndroidManifest.xml:17:22-77
22    <uses-permission android:name="android.permission.FOREGROUND_SERVICE" />
22-->src\main\AndroidManifest.xml:18:5-77
22-->src\main\AndroidManifest.xml:18:22-74
23    <uses-permission android:name="android.permission.FOREGROUND_SERVICE_MEDIA_PLAYBACK" />
23-->src\main\AndroidManifest.xml:19:5-92
23-->src\main\AndroidManifest.xml:19:22-89
24    <!-- Used only for opening alarm app -->
25    <uses-permission android:name="com.android.alarm.permission.SET_ALARM" />
25-->src\main\AndroidManifest.xml:21:5-78
25-->src\main\AndroidManifest.xml:21:22-75
26    <uses-permission android:name="android.permission.PACKAGE_USAGE_STATS" />
26-->src\main\AndroidManifest.xml:22:5-24:47
26-->src\main\AndroidManifest.xml:23:9-62
27    <!-- Used for Private Space support on Android 15+ -->
28    <uses-permission android:name="android.permission.ACCESS_HIDDEN_PROFILES" />
28-->src\main\AndroidManifest.xml:26:5-81
28-->src\main\AndroidManifest.xml:26:22-78
29    <uses-permission android:name="android.permission.WAKE_LOCK" />
29-->[androidx.work:work-runtime:2.10.1] AndroidManifest.xml:23:5-68
29-->[androidx.work:work-runtime:2.10.1] AndroidManifest.xml:23:22-65
30    <uses-permission android:name="android.permission.ACCESS_NETWORK_STATE" />
30-->[androidx.work:work-runtime:2.10.1] AndroidManifest.xml:24:5-79
30-->[androidx.work:work-runtime:2.10.1] AndroidManifest.xml:24:22-76
31
32    <permission
32-->[androidx.core:core:1.16.0] AndroidManifest.xml:22:5-24:47
33        android:name="app.sukun.debug.DYNAMIC_RECEIVER_NOT_EXPORTED_PERMISSION"
33-->[androidx.core:core:1.16.0] AndroidManifest.xml:23:9-81
34        android:protectionLevel="signature" />
34-->[androidx.core:core:1.16.0] AndroidManifest.xml:24:9-44
35
36    <uses-permission android:name="app.sukun.debug.DYNAMIC_RECEIVER_NOT_EXPORTED_PERMISSION" />
36-->[androidx.core:core:1.16.0] AndroidManifest.xml:26:5-97
36-->[androidx.core:core:1.16.0] AndroidManifest.xml:26:22-94
37
38    <application
38-->src\main\AndroidManifest.xml:28:5-136:19
39        android:allowBackup="true"
39-->src\main\AndroidManifest.xml:29:9-35
40        android:appComponentFactory="androidx.core.app.CoreComponentFactory"
40-->[androidx.core:core:1.16.0] AndroidManifest.xml:28:18-86
41        android:dataExtractionRules="@xml/data_extraction_rules"
41-->src\main\AndroidManifest.xml:30:9-65
42        android:debuggable="true"
43        android:extractNativeLibs="false"
44        android:fullBackupContent="@xml/backup_rules"
44-->src\main\AndroidManifest.xml:31:9-54
45        android:icon="@mipmap/ic_launcher"
45-->src\main\AndroidManifest.xml:32:9-43
46        android:label="@string/app_name"
46-->src\main\AndroidManifest.xml:33:9-41
47        android:localeConfig="@xml/locales_config"
47-->src\main\AndroidManifest.xml:34:9-51
48        android:roundIcon="@mipmap/ic_launcher_round"
48-->src\main\AndroidManifest.xml:35:9-54
49        android:supportsRtl="true"
49-->src\main\AndroidManifest.xml:36:9-35
50        android:theme="@style/AppTheme" >
50-->src\main\AndroidManifest.xml:37:9-40
51        <activity
51-->src\main\AndroidManifest.xml:40:9-55:20
52            android:name="app.sukun.MainActivity"
52-->src\main\AndroidManifest.xml:41:13-41
53            android:configChanges="uiMode"
53-->src\main\AndroidManifest.xml:42:13-43
54            android:excludeFromRecents="true"
54-->src\main\AndroidManifest.xml:43:13-46
55            android:exported="true"
55-->src\main\AndroidManifest.xml:44:13-36
56            android:launchMode="singleTask"
56-->src\main\AndroidManifest.xml:45:13-44
57            android:taskAffinity=""
57-->src\main\AndroidManifest.xml:46:13-36
58            android:windowSoftInputMode="stateAlwaysHidden" >
58-->src\main\AndroidManifest.xml:47:13-60
59            <intent-filter>
59-->src\main\AndroidManifest.xml:48:13-54:29
60                <action android:name="android.intent.action.MAIN" />
60-->src\main\AndroidManifest.xml:49:17-69
60-->src\main\AndroidManifest.xml:49:25-66
61
62                <category android:name="android.intent.category.HOME" />
62-->src\main\AndroidManifest.xml:51:17-73
62-->src\main\AndroidManifest.xml:51:27-70
63                <category android:name="android.intent.category.DEFAULT" />
63-->src\main\AndroidManifest.xml:52:17-76
63-->src\main\AndroidManifest.xml:52:27-73
64                <category android:name="android.intent.category.LAUNCHER" />
64-->src\main\AndroidManifest.xml:53:17-77
64-->src\main\AndroidManifest.xml:53:27-74
65            </intent-filter>
66        </activity>
67        <activity
67-->src\main\AndroidManifest.xml:57:9-69:20
68            android:name="app.sukun.helper.PinItemActivity"
68-->src\main\AndroidManifest.xml:58:13-51
69            android:exported="true"
69-->src\main\AndroidManifest.xml:59:13-36
70            android:theme="@android:style/Theme.Translucent.NoTitleBar" >
70-->src\main\AndroidManifest.xml:60:13-72
71            <intent-filter>
71-->src\main\AndroidManifest.xml:61:13-64:29
72                <action android:name="android.content.pm.action.CONFIRM_PIN_SHORTCUT" />
72-->src\main\AndroidManifest.xml:62:17-89
72-->src\main\AndroidManifest.xml:62:25-86
73
74                <category android:name="android.intent.category.DEFAULT" />
74-->src\main\AndroidManifest.xml:52:17-76
74-->src\main\AndroidManifest.xml:52:27-73
75            </intent-filter>
76            <intent-filter>
76-->src\main\AndroidManifest.xml:65:13-68:29
77                <action android:name="android.content.pm.action.CONFIRM_PIN_APPWIDGET" />
77-->src\main\AndroidManifest.xml:66:17-90
77-->src\main\AndroidManifest.xml:66:25-87
78
79                <category android:name="android.intent.category.DEFAULT" />
79-->src\main\AndroidManifest.xml:52:17-76
79-->src\main\AndroidManifest.xml:52:27-73
80            </intent-filter>
81        </activity>
82        <activity
82-->src\main\AndroidManifest.xml:71:9-83:20
83            android:name="app.sukun.helper.FakeHomeActivity"
83-->src\main\AndroidManifest.xml:72:13-52
84            android:enabled="false"
84-->src\main\AndroidManifest.xml:73:13-36
85            android:exported="true"
85-->src\main\AndroidManifest.xml:74:13-36
86            android:launchMode="singleTask"
86-->src\main\AndroidManifest.xml:75:13-44
87            android:windowSoftInputMode="stateHidden" >
87-->src\main\AndroidManifest.xml:76:13-54
88            <intent-filter>
88-->src\main\AndroidManifest.xml:77:13-82:29
89                <action android:name="android.intent.action.MAIN" />
89-->src\main\AndroidManifest.xml:49:17-69
89-->src\main\AndroidManifest.xml:49:25-66
90
91                <category android:name="android.intent.category.HOME" />
91-->src\main\AndroidManifest.xml:51:17-73
91-->src\main\AndroidManifest.xml:51:27-70
92                <category android:name="android.intent.category.DEFAULT" />
92-->src\main\AndroidManifest.xml:52:17-76
92-->src\main\AndroidManifest.xml:52:27-73
93            </intent-filter>
94        </activity>
95
96        <receiver
96-->src\main\AndroidManifest.xml:85:9-95:20
97            android:name="app.sukun.listener.DeviceAdmin"
97-->src\main\AndroidManifest.xml:86:13-49
98            android:exported="false"
98-->src\main\AndroidManifest.xml:87:13-37
99            android:permission="android.permission.BIND_DEVICE_ADMIN" >
99-->src\main\AndroidManifest.xml:88:13-70
100            <meta-data
100-->src\main\AndroidManifest.xml:89:13-91:52
101                android:name="android.app.device_admin"
101-->src\main\AndroidManifest.xml:90:17-56
102                android:resource="@xml/policies" />
102-->src\main\AndroidManifest.xml:91:17-49
103
104            <intent-filter>
104-->src\main\AndroidManifest.xml:92:13-94:29
105                <action android:name="android.app.action.DEVICE_ADMIN_ENABLED" />
105-->src\main\AndroidManifest.xml:93:17-82
105-->src\main\AndroidManifest.xml:93:25-79
106            </intent-filter>
107        </receiver>
108        <receiver
108-->src\main\AndroidManifest.xml:97:9-99:40
109            android:name="app.sukun.helper.PrayerReminderReceiver"
109-->src\main\AndroidManifest.xml:98:13-58
110            android:exported="false" />
110-->src\main\AndroidManifest.xml:99:13-37
111        <receiver
111-->src\main\AndroidManifest.xml:101:9-103:40
112            android:name="app.sukun.helper.HourlyChimeReceiver"
112-->src\main\AndroidManifest.xml:102:13-55
113            android:exported="false" />
113-->src\main\AndroidManifest.xml:103:13-37
114        <receiver
114-->src\main\AndroidManifest.xml:105:9-114:20
115            android:name="app.sukun.helper.PrayerBootReceiver"
115-->src\main\AndroidManifest.xml:106:13-54
116            android:enabled="true"
116-->src\main\AndroidManifest.xml:107:13-35
117            android:exported="false" >
117-->src\main\AndroidManifest.xml:108:13-37
118            <intent-filter>
118-->src\main\AndroidManifest.xml:109:13-113:29
119                <action android:name="android.intent.action.BOOT_COMPLETED" />
119-->src\main\AndroidManifest.xml:110:17-79
119-->src\main\AndroidManifest.xml:110:25-76
120                <action android:name="android.intent.action.LOCKED_BOOT_COMPLETED" />
120-->src\main\AndroidManifest.xml:111:17-86
120-->src\main\AndroidManifest.xml:111:25-83
121                <action android:name="android.intent.action.MY_PACKAGE_REPLACED" />
121-->src\main\AndroidManifest.xml:112:17-84
121-->src\main\AndroidManifest.xml:112:25-81
122            </intent-filter>
123        </receiver>
124
125        <service
125-->src\main\AndroidManifest.xml:116:9-128:19
126            android:name="app.sukun.helper.MyAccessibilityService"
126-->src\main\AndroidManifest.xml:117:13-58
127            android:exported="false"
127-->src\main\AndroidManifest.xml:118:13-37
128            android:label="@string/app_name"
128-->src\main\AndroidManifest.xml:119:13-45
129            android:permission="android.permission.BIND_ACCESSIBILITY_SERVICE"
129-->src\main\AndroidManifest.xml:120:13-79
130            android:process=":serviceProcess" >
130-->src\main\AndroidManifest.xml:121:13-46
131            <meta-data
131-->src\main\AndroidManifest.xml:122:13-124:72
132                android:name="android.accessibilityservice"
132-->src\main\AndroidManifest.xml:123:17-60
133                android:resource="@xml/accessibility_service_config" />
133-->src\main\AndroidManifest.xml:124:17-69
134
135            <intent-filter>
135-->src\main\AndroidManifest.xml:125:13-127:29
136                <action android:name="android.accessibilityservice.AccessibilityService" />
136-->src\main\AndroidManifest.xml:126:17-92
136-->src\main\AndroidManifest.xml:126:25-89
137            </intent-filter>
138        </service>
139        <service
139-->src\main\AndroidManifest.xml:130:9-134:61
140            android:name="app.sukun.helper.AzanPlaybackService"
140-->src\main\AndroidManifest.xml:131:13-55
141            android:enabled="true"
141-->src\main\AndroidManifest.xml:132:13-35
142            android:exported="false"
142-->src\main\AndroidManifest.xml:133:13-37
143            android:foregroundServiceType="mediaPlayback" />
143-->src\main\AndroidManifest.xml:134:13-58
144
145        <provider
145-->[androidx.emoji2:emoji2:1.3.0] AndroidManifest.xml:24:9-32:20
146            android:name="androidx.startup.InitializationProvider"
146-->[androidx.emoji2:emoji2:1.3.0] AndroidManifest.xml:25:13-67
147            android:authorities="app.sukun.debug.androidx-startup"
147-->[androidx.emoji2:emoji2:1.3.0] AndroidManifest.xml:26:13-68
148            android:exported="false" >
148-->[androidx.emoji2:emoji2:1.3.0] AndroidManifest.xml:27:13-37
149            <meta-data
149-->[androidx.emoji2:emoji2:1.3.0] AndroidManifest.xml:29:13-31:52
150                android:name="androidx.emoji2.text.EmojiCompatInitializer"
150-->[androidx.emoji2:emoji2:1.3.0] AndroidManifest.xml:30:17-75
151                android:value="androidx.startup" />
151-->[androidx.emoji2:emoji2:1.3.0] AndroidManifest.xml:31:17-49
152            <meta-data
152-->[androidx.work:work-runtime:2.10.1] AndroidManifest.xml:34:13-36:52
153                android:name="androidx.work.WorkManagerInitializer"
153-->[androidx.work:work-runtime:2.10.1] AndroidManifest.xml:35:17-68
154                android:value="androidx.startup" />
154-->[androidx.work:work-runtime:2.10.1] AndroidManifest.xml:36:17-49
155            <meta-data
155-->[androidx.lifecycle:lifecycle-process:2.9.0] AndroidManifest.xml:29:13-31:52
156                android:name="androidx.lifecycle.ProcessLifecycleInitializer"
156-->[androidx.lifecycle:lifecycle-process:2.9.0] AndroidManifest.xml:30:17-78
157                android:value="androidx.startup" />
157-->[androidx.lifecycle:lifecycle-process:2.9.0] AndroidManifest.xml:31:17-49
158            <meta-data
158-->[androidx.profileinstaller:profileinstaller:1.4.0] AndroidManifest.xml:29:13-31:52
159                android:name="androidx.profileinstaller.ProfileInstallerInitializer"
159-->[androidx.profileinstaller:profileinstaller:1.4.0] AndroidManifest.xml:30:17-85
160                android:value="androidx.startup" />
160-->[androidx.profileinstaller:profileinstaller:1.4.0] AndroidManifest.xml:31:17-49
161        </provider>
162
163        <service
163-->[androidx.work:work-runtime:2.10.1] AndroidManifest.xml:39:9-45:35
164            android:name="androidx.work.impl.background.systemalarm.SystemAlarmService"
164-->[androidx.work:work-runtime:2.10.1] AndroidManifest.xml:40:13-88
165            android:directBootAware="false"
165-->[androidx.work:work-runtime:2.10.1] AndroidManifest.xml:41:13-44
166            android:enabled="@bool/enable_system_alarm_service_default"
166-->[androidx.work:work-runtime:2.10.1] AndroidManifest.xml:42:13-72
167            android:exported="false" />
167-->[androidx.work:work-runtime:2.10.1] AndroidManifest.xml:43:13-37
168        <service
168-->[androidx.work:work-runtime:2.10.1] AndroidManifest.xml:46:9-52:35
169            android:name="androidx.work.impl.background.systemjob.SystemJobService"
169-->[androidx.work:work-runtime:2.10.1] AndroidManifest.xml:47:13-84
170            android:directBootAware="false"
170-->[androidx.work:work-runtime:2.10.1] AndroidManifest.xml:48:13-44
171            android:enabled="@bool/enable_system_job_service_default"
171-->[androidx.work:work-runtime:2.10.1] AndroidManifest.xml:49:13-70
172            android:exported="true"
172-->[androidx.work:work-runtime:2.10.1] AndroidManifest.xml:50:13-36
173            android:permission="android.permission.BIND_JOB_SERVICE" />
173-->[androidx.work:work-runtime:2.10.1] AndroidManifest.xml:51:13-69
174        <service
174-->[androidx.work:work-runtime:2.10.1] AndroidManifest.xml:53:9-59:35
175            android:name="androidx.work.impl.foreground.SystemForegroundService"
175-->[androidx.work:work-runtime:2.10.1] AndroidManifest.xml:54:13-81
176            android:directBootAware="false"
176-->[androidx.work:work-runtime:2.10.1] AndroidManifest.xml:55:13-44
177            android:enabled="@bool/enable_system_foreground_service_default"
177-->[androidx.work:work-runtime:2.10.1] AndroidManifest.xml:56:13-77
178            android:exported="false" />
178-->[androidx.work:work-runtime:2.10.1] AndroidManifest.xml:57:13-37
179
180        <receiver
180-->[androidx.work:work-runtime:2.10.1] AndroidManifest.xml:61:9-66:35
181            android:name="androidx.work.impl.utils.ForceStopRunnable$BroadcastReceiver"
181-->[androidx.work:work-runtime:2.10.1] AndroidManifest.xml:62:13-88
182            android:directBootAware="false"
182-->[androidx.work:work-runtime:2.10.1] AndroidManifest.xml:63:13-44
183            android:enabled="true"
183-->[androidx.work:work-runtime:2.10.1] AndroidManifest.xml:64:13-35
184            android:exported="false" />
184-->[androidx.work:work-runtime:2.10.1] AndroidManifest.xml:65:13-37
185        <receiver
185-->[androidx.work:work-runtime:2.10.1] AndroidManifest.xml:67:9-77:20
186            android:name="androidx.work.impl.background.systemalarm.ConstraintProxy$BatteryChargingProxy"
186-->[androidx.work:work-runtime:2.10.1] AndroidManifest.xml:68:13-106
187            android:directBootAware="false"
187-->[androidx.work:work-runtime:2.10.1] AndroidManifest.xml:69:13-44
188            android:enabled="false"
188-->[androidx.work:work-runtime:2.10.1] AndroidManifest.xml:70:13-36
189            android:exported="false" >
189-->[androidx.work:work-runtime:2.10.1] AndroidManifest.xml:71:13-37
190            <intent-filter>
190-->[androidx.work:work-runtime:2.10.1] AndroidManifest.xml:73:13-76:29
191                <action android:name="android.intent.action.ACTION_POWER_CONNECTED" />
191-->[androidx.work:work-runtime:2.10.1] AndroidManifest.xml:74:17-87
191-->[androidx.work:work-runtime:2.10.1] AndroidManifest.xml:74:25-84
192                <action android:name="android.intent.action.ACTION_POWER_DISCONNECTED" />
192-->[androidx.work:work-runtime:2.10.1] AndroidManifest.xml:75:17-90
192-->[androidx.work:work-runtime:2.10.1] AndroidManifest.xml:75:25-87
193            </intent-filter>
194        </receiver>
195        <receiver
195-->[androidx.work:work-runtime:2.10.1] AndroidManifest.xml:78:9-88:20
196            android:name="androidx.work.impl.background.systemalarm.ConstraintProxy$BatteryNotLowProxy"
196-->[androidx.work:work-runtime:2.10.1] AndroidManifest.xml:79:13-104
197            android:directBootAware="false"
197-->[androidx.work:work-runtime:2.10.1] AndroidManifest.xml:80:13-44
198            android:enabled="false"
198-->[androidx.work:work-runtime:2.10.1] AndroidManifest.xml:81:13-36
199            android:exported="false" >
199-->[androidx.work:work-runtime:2.10.1] AndroidManifest.xml:82:13-37
200            <intent-filter>
200-->[androidx.work:work-runtime:2.10.1] AndroidManifest.xml:84:13-87:29
201                <action android:name="android.intent.action.BATTERY_OKAY" />
201-->[androidx.work:work-runtime:2.10.1] AndroidManifest.xml:85:17-77
201-->[androidx.work:work-runtime:2.10.1] AndroidManifest.xml:85:25-74
202                <action android:name="android.intent.action.BATTERY_LOW" />
202-->[androidx.work:work-runtime:2.10.1] AndroidManifest.xml:86:17-76
202-->[androidx.work:work-runtime:2.10.1] AndroidManifest.xml:86:25-73
203            </intent-filter>
204        </receiver>
205        <receiver
205-->[androidx.work:work-runtime:2.10.1] AndroidManifest.xml:89:9-99:20
206            android:name="androidx.work.impl.background.systemalarm.ConstraintProxy$StorageNotLowProxy"
206-->[androidx.work:work-runtime:2.10.1] AndroidManifest.xml:90:13-104
207            android:directBootAware="false"
207-->[androidx.work:work-runtime:2.10.1] AndroidManifest.xml:91:13-44
208            android:enabled="false"
208-->[androidx.work:work-runtime:2.10.1] AndroidManifest.xml:92:13-36
209            android:exported="false" >
209-->[androidx.work:work-runtime:2.10.1] AndroidManifest.xml:93:13-37
210            <intent-filter>
210-->[androidx.work:work-runtime:2.10.1] AndroidManifest.xml:95:13-98:29
211                <action android:name="android.intent.action.DEVICE_STORAGE_LOW" />
211-->[androidx.work:work-runtime:2.10.1] AndroidManifest.xml:96:17-83
211-->[androidx.work:work-runtime:2.10.1] AndroidManifest.xml:96:25-80
212                <action android:name="android.intent.action.DEVICE_STORAGE_OK" />
212-->[androidx.work:work-runtime:2.10.1] AndroidManifest.xml:97:17-82
212-->[androidx.work:work-runtime:2.10.1] AndroidManifest.xml:97:25-79
213            </intent-filter>
214        </receiver>
215        <receiver
215-->[androidx.work:work-runtime:2.10.1] AndroidManifest.xml:100:9-109:20
216            android:name="androidx.work.impl.background.systemalarm.ConstraintProxy$NetworkStateProxy"
216-->[androidx.work:work-runtime:2.10.1] AndroidManifest.xml:101:13-103
217            android:directBootAware="false"
217-->[androidx.work:work-runtime:2.10.1] AndroidManifest.xml:102:13-44
218            android:enabled="false"
218-->[androidx.work:work-runtime:2.10.1] AndroidManifest.xml:103:13-36
219            android:exported="false" >
219-->[androidx.work:work-runtime:2.10.1] AndroidManifest.xml:104:13-37
220            <intent-filter>
220-->[androidx.work:work-runtime:2.10.1] AndroidManifest.xml:106:13-108:29
221                <action android:name="android.net.conn.CONNECTIVITY_CHANGE" />
221-->[androidx.work:work-runtime:2.10.1] AndroidManifest.xml:107:17-79
221-->[androidx.work:work-runtime:2.10.1] AndroidManifest.xml:107:25-76
222            </intent-filter>
223        </receiver>
224        <receiver
224-->[androidx.work:work-runtime:2.10.1] AndroidManifest.xml:110:9-121:20
225            android:name="androidx.work.impl.background.systemalarm.RescheduleReceiver"
225-->[androidx.work:work-runtime:2.10.1] AndroidManifest.xml:111:13-88
226            android:directBootAware="false"
226-->[androidx.work:work-runtime:2.10.1] AndroidManifest.xml:112:13-44
227            android:enabled="false"
227-->[androidx.work:work-runtime:2.10.1] AndroidManifest.xml:113:13-36
228            android:exported="false" >
228-->[androidx.work:work-runtime:2.10.1] AndroidManifest.xml:114:13-37
229            <intent-filter>
229-->[androidx.work:work-runtime:2.10.1] AndroidManifest.xml:116:13-120:29
230                <action android:name="android.intent.action.BOOT_COMPLETED" />
230-->src\main\AndroidManifest.xml:110:17-79
230-->src\main\AndroidManifest.xml:110:25-76
231                <action android:name="android.intent.action.TIME_SET" />
231-->[androidx.work:work-runtime:2.10.1] AndroidManifest.xml:118:17-73
231-->[androidx.work:work-runtime:2.10.1] AndroidManifest.xml:118:25-70
232                <action android:name="android.intent.action.TIMEZONE_CHANGED" />
232-->[androidx.work:work-runtime:2.10.1] AndroidManifest.xml:119:17-81
232-->[androidx.work:work-runtime:2.10.1] AndroidManifest.xml:119:25-78
233            </intent-filter>
234        </receiver>
235        <receiver
235-->[androidx.work:work-runtime:2.10.1] AndroidManifest.xml:122:9-131:20
236            android:name="androidx.work.impl.background.systemalarm.ConstraintProxyUpdateReceiver"
236-->[androidx.work:work-runtime:2.10.1] AndroidManifest.xml:123:13-99
237            android:directBootAware="false"
237-->[androidx.work:work-runtime:2.10.1] AndroidManifest.xml:124:13-44
238            android:enabled="@bool/enable_system_alarm_service_default"
238-->[androidx.work:work-runtime:2.10.1] AndroidManifest.xml:125:13-72
239            android:exported="false" >
239-->[androidx.work:work-runtime:2.10.1] AndroidManifest.xml:126:13-37
240            <intent-filter>
240-->[androidx.work:work-runtime:2.10.1] AndroidManifest.xml:128:13-130:29
241                <action android:name="androidx.work.impl.background.systemalarm.UpdateProxies" />
241-->[androidx.work:work-runtime:2.10.1] AndroidManifest.xml:129:17-98
241-->[androidx.work:work-runtime:2.10.1] AndroidManifest.xml:129:25-95
242            </intent-filter>
243        </receiver>
244        <receiver
244-->[androidx.work:work-runtime:2.10.1] AndroidManifest.xml:132:9-142:20
245            android:name="androidx.work.impl.diagnostics.DiagnosticsReceiver"
245-->[androidx.work:work-runtime:2.10.1] AndroidManifest.xml:133:13-78
246            android:directBootAware="false"
246-->[androidx.work:work-runtime:2.10.1] AndroidManifest.xml:134:13-44
247            android:enabled="true"
247-->[androidx.work:work-runtime:2.10.1] AndroidManifest.xml:135:13-35
248            android:exported="true"
248-->[androidx.work:work-runtime:2.10.1] AndroidManifest.xml:136:13-36
249            android:permission="android.permission.DUMP" >
249-->[androidx.work:work-runtime:2.10.1] AndroidManifest.xml:137:13-57
250            <intent-filter>
250-->[androidx.work:work-runtime:2.10.1] AndroidManifest.xml:139:13-141:29
251                <action android:name="androidx.work.diagnostics.REQUEST_DIAGNOSTICS" />
251-->[androidx.work:work-runtime:2.10.1] AndroidManifest.xml:140:17-88
251-->[androidx.work:work-runtime:2.10.1] AndroidManifest.xml:140:25-85
252            </intent-filter>
253        </receiver>
254
255        <uses-library
255-->[androidx.window:window:1.0.0] AndroidManifest.xml:25:9-27:40
256            android:name="androidx.window.extensions"
256-->[androidx.window:window:1.0.0] AndroidManifest.xml:26:13-54
257            android:required="false" />
257-->[androidx.window:window:1.0.0] AndroidManifest.xml:27:13-37
258        <uses-library
258-->[androidx.window:window:1.0.0] AndroidManifest.xml:28:9-30:40
259            android:name="androidx.window.sidecar"
259-->[androidx.window:window:1.0.0] AndroidManifest.xml:29:13-51
260            android:required="false" />
260-->[androidx.window:window:1.0.0] AndroidManifest.xml:30:13-37
261
262        <service
262-->[androidx.room:room-runtime:2.6.1] AndroidManifest.xml:24:9-28:63
263            android:name="androidx.room.MultiInstanceInvalidationService"
263-->[androidx.room:room-runtime:2.6.1] AndroidManifest.xml:25:13-74
264            android:directBootAware="true"
264-->[androidx.room:room-runtime:2.6.1] AndroidManifest.xml:26:13-43
265            android:exported="false" />
265-->[androidx.room:room-runtime:2.6.1] AndroidManifest.xml:27:13-37
266
267        <receiver
267-->[androidx.profileinstaller:profileinstaller:1.4.0] AndroidManifest.xml:34:9-52:20
268            android:name="androidx.profileinstaller.ProfileInstallReceiver"
268-->[androidx.profileinstaller:profileinstaller:1.4.0] AndroidManifest.xml:35:13-76
269            android:directBootAware="false"
269-->[androidx.profileinstaller:profileinstaller:1.4.0] AndroidManifest.xml:36:13-44
270            android:enabled="true"
270-->[androidx.profileinstaller:profileinstaller:1.4.0] AndroidManifest.xml:37:13-35
271            android:exported="true"
271-->[androidx.profileinstaller:profileinstaller:1.4.0] AndroidManifest.xml:38:13-36
272            android:permission="android.permission.DUMP" >
272-->[androidx.profileinstaller:profileinstaller:1.4.0] AndroidManifest.xml:39:13-57
273            <intent-filter>
273-->[androidx.profileinstaller:profileinstaller:1.4.0] AndroidManifest.xml:40:13-42:29
274                <action android:name="androidx.profileinstaller.action.INSTALL_PROFILE" />
274-->[androidx.profileinstaller:profileinstaller:1.4.0] AndroidManifest.xml:41:17-91
274-->[androidx.profileinstaller:profileinstaller:1.4.0] AndroidManifest.xml:41:25-88
275            </intent-filter>
276            <intent-filter>
276-->[androidx.profileinstaller:profileinstaller:1.4.0] AndroidManifest.xml:43:13-45:29
277                <action android:name="androidx.profileinstaller.action.SKIP_FILE" />
277-->[androidx.profileinstaller:profileinstaller:1.4.0] AndroidManifest.xml:44:17-85
277-->[androidx.profileinstaller:profileinstaller:1.4.0] AndroidManifest.xml:44:25-82
278            </intent-filter>
279            <intent-filter>
279-->[androidx.profileinstaller:profileinstaller:1.4.0] AndroidManifest.xml:46:13-48:29
280                <action android:name="androidx.profileinstaller.action.SAVE_PROFILE" />
280-->[androidx.profileinstaller:profileinstaller:1.4.0] AndroidManifest.xml:47:17-88
280-->[androidx.profileinstaller:profileinstaller:1.4.0] AndroidManifest.xml:47:25-85
281            </intent-filter>
282            <intent-filter>
282-->[androidx.profileinstaller:profileinstaller:1.4.0] AndroidManifest.xml:49:13-51:29
283                <action android:name="androidx.profileinstaller.action.BENCHMARK_OPERATION" />
283-->[androidx.profileinstaller:profileinstaller:1.4.0] AndroidManifest.xml:50:17-95
283-->[androidx.profileinstaller:profileinstaller:1.4.0] AndroidManifest.xml:50:25-92
284            </intent-filter>
285        </receiver>
286    </application>
287
288</manifest>